{"/Users/danny.mckinney/Development/personal/acme-diminuto/src/routes/diminuto.ts": {"path":"/Users/danny.mckinney/Development/personal/acme-diminuto/src/routes/diminuto.ts","statementMap":{"0":{"start":{"line":8,"column":15},"end":{"line":8,"column":31}},"1":{"start":{"line":10,"column":6},"end":{"line":10,"column":null}},"2":{"start":{"line":10,"column":25},"end":{"line":10,"column":null}},"3":{"start":{"line":12,"column":6},"end":{"line":15,"column":2}},"4":{"start":{"line":18,"column":24},"end":{"line":18,"column":null}},"5":{"start":{"line":19,"column":20},"end":{"line":19,"column":32}},"6":{"start":{"line":21,"column":4},"end":{"line":24,"column":null}},"7":{"start":{"line":22,"column":8},"end":{"line":24,"column":null}},"8":{"start":{"line":27,"column":4},"end":{"line":30,"column":null}},"9":{"start":{"line":28,"column":8},"end":{"line":30,"column":null}},"10":{"start":{"line":33,"column":4},"end":{"line":51,"column":null}},"11":{"start":{"line":34,"column":14},"end":{"line":34,"column":57}},"12":{"start":{"line":35,"column":25},"end":{"line":35,"column":86}},"13":{"start":{"line":36,"column":8},"end":{"line":37,"column":null}},"14":{"start":{"line":37,"column":12},"end":{"line":37,"column":null}},"15":{"start":{"line":40,"column":25},"end":{"line":40,"column":null}},"16":{"start":{"line":41,"column":24},"end":{"line":45,"column":10}},"17":{"start":{"line":46,"column":8},"end":{"line":46,"column":null}},"18":{"start":{"line":48,"column":8},"end":{"line":48,"column":null}},"19":{"start":{"line":49,"column":8},"end":{"line":51,"column":null}},"20":{"start":{"line":55,"column":0},"end":{"line":55,"column":null}}},"fnMap":{"0":{"name":"(anonymous_0)","decl":{"start":{"line":10,"column":6},"end":{"line":10,"column":25}},"loc":{"start":{"line":10,"column":25},"end":{"line":10,"column":null}},"line":10},"1":{"name":"createDiminuto","decl":{"start":{"line":17,"column":22},"end":{"line":17,"column":37}},"loc":{"start":{"line":17,"column":66},"end":{"line":51,"column":null}},"line":17}},"branchMap":{"0":{"loc":{"start":{"line":10,"column":25},"end":{"line":10,"column":null}},"type":"binary-expr","locations":[{"start":{"line":10,"column":25},"end":{"line":10,"column":48}},{"start":{"line":10,"column":48},"end":{"line":10,"column":null}}],"line":10},"1":{"loc":{"start":{"line":21,"column":4},"end":{"line":24,"column":null}},"type":"if","locations":[{"start":{"line":21,"column":4},"end":{"line":24,"column":null}},{"start":{},"end":{}}],"line":21},"2":{"loc":{"start":{"line":27,"column":4},"end":{"line":30,"column":null}},"type":"if","locations":[{"start":{"line":27,"column":4},"end":{"line":30,"column":null}},{"start":{},"end":{}}],"line":27},"3":{"loc":{"start":{"line":36,"column":8},"end":{"line":37,"column":null}},"type":"if","locations":[{"start":{"line":36,"column":8},"end":{"line":37,"column":null}},{"start":{},"end":{}}],"line":36}},"s":{"0":1,"1":1,"2":6,"3":1,"4":6,"5":6,"6":6,"7":1,"8":5,"9":1,"10":4,"11":4,"12":4,"13":2,"14":1,"15":1,"16":1,"17":1,"18":2,"19":2,"20":1},"f":{"0":6,"1":6},"b":{"0":[6,0],"1":[1,5],"2":[1,4],"3":[1,1]},"meta":{"lastBranch":4,"lastFunction":2,"lastStatement":21,"seen":{"s:8:15:8:31":0,"s:10:6:10:Infinity":1,"f:10:6:10:25":0,"s:10:25:10:Infinity":2,"b:10:25:10:48:10:48:10:Infinity":0,"s:12:6:15:2":3,"f:17:22:17:37":1,"s:18:24:18:Infinity":4,"s:19:20:19:32":5,"b:21:4:24:Infinity:undefined:undefined:undefined:undefined":1,"s:21:4:24:Infinity":6,"s:22:8:24:Infinity":7,"b:27:4:30:Infinity:undefined:undefined:undefined:undefined":2,"s:27:4:30:Infinity":8,"s:28:8:30:Infinity":9,"s:33:4:51:Infinity":10,"s:34:14:34:57":11,"s:35:25:35:86":12,"b:36:8:37:Infinity:undefined:undefined:undefined:undefined":3,"s:36:8:37:Infinity":13,"s:37:12:37:Infinity":14,"s:40:25:40:Infinity":15,"s:41:24:45:10":16,"s:46:8:46:Infinity":17,"s:48:8:48:Infinity":18,"s:49:8:51:Infinity":19,"s:55:0:55:Infinity":20}}}
,"/Users/danny.mckinney/Development/personal/acme-diminuto/src/routes/redirect.ts": {"path":"/Users/danny.mckinney/Development/personal/acme-diminuto/src/routes/redirect.ts","statementMap":{"0":{"start":{"line":6,"column":15},"end":{"line":6,"column":31}},"1":{"start":{"line":8,"column":6},"end":{"line":11,"column":2}},"2":{"start":{"line":14,"column":17},"end":{"line":14,"column":null}},"3":{"start":{"line":16,"column":4},"end":{"line":17,"column":null}},"4":{"start":{"line":17,"column":8},"end":{"line":17,"column":null}},"5":{"start":{"line":20,"column":4},"end":{"line":34,"column":null}},"6":{"start":{"line":21,"column":20},"end":{"line":23,"column":10}},"7":{"start":{"line":24,"column":8},"end":{"line":30,"column":null}},"8":{"start":{"line":25,"column":12},"end":{"line":26,"column":null}},"9":{"start":{"line":26,"column":16},"end":{"line":26,"column":null}},"10":{"start":{"line":28,"column":12},"end":{"line":28,"column":null}},"11":{"start":{"line":30,"column":12},"end":{"line":30,"column":null}},"12":{"start":{"line":33,"column":7},"end":{"line":33,"column":null}},"13":{"start":{"line":34,"column":7},"end":{"line":34,"column":null}},"14":{"start":{"line":38,"column":0},"end":{"line":38,"column":null}}},"fnMap":{"0":{"name":"redirectToLongUrl","decl":{"start":{"line":13,"column":22},"end":{"line":13,"column":40}},"loc":{"start":{"line":13,"column":69},"end":{"line":34,"column":null}},"line":13}},"branchMap":{"0":{"loc":{"start":{"line":14,"column":17},"end":{"line":14,"column":null}},"type":"cond-expr","locations":[{"start":{"line":14,"column":50},"end":{"line":14,"column":71}},{"start":{"line":14,"column":71},"end":{"line":14,"column":null}}],"line":14},"1":{"loc":{"start":{"line":16,"column":4},"end":{"line":17,"column":null}},"type":"if","locations":[{"start":{"line":16,"column":4},"end":{"line":17,"column":null}},{"start":{},"end":{}}],"line":16},"2":{"loc":{"start":{"line":24,"column":8},"end":{"line":30,"column":null}},"type":"if","locations":[{"start":{"line":24,"column":8},"end":{"line":30,"column":null}},{"start":{"line":29,"column":15},"end":{"line":30,"column":null}}],"line":24},"3":{"loc":{"start":{"line":25,"column":12},"end":{"line":26,"column":null}},"type":"if","locations":[{"start":{"line":25,"column":12},"end":{"line":26,"column":null}},{"start":{},"end":{}}],"line":25}},"s":{"0":1,"1":1,"2":6,"3":6,"4":1,"5":5,"6":5,"7":4,"8":2,"9":1,"10":1,"11":2,"12":1,"13":1,"14":1},"f":{"0":6},"b":{"0":[1,5],"1":[1,5],"2":[2,2],"3":[1,1]},"meta":{"lastBranch":4,"lastFunction":1,"lastStatement":15,"seen":{"s:6:15:6:31":0,"s:8:6:11:2":1,"f:13:22:13:40":0,"s:14:17:14:Infinity":2,"b:14:50:14:71:14:71:14:Infinity":0,"b:16:4:17:Infinity:undefined:undefined:undefined:undefined":1,"s:16:4:17:Infinity":3,"s:17:8:17:Infinity":4,"s:20:4:34:Infinity":5,"s:21:20:23:10":6,"b:24:8:30:Infinity:29:15:30:Infinity":2,"s:24:8:30:Infinity":7,"b:25:12:26:Infinity:undefined:undefined:undefined:undefined":3,"s:25:12:26:Infinity":8,"s:26:16:26:Infinity":9,"s:28:12:28:Infinity":10,"s:30:12:30:Infinity":11,"s:33:7:33:Infinity":12,"s:34:7:34:Infinity":13,"s:38:0:38:Infinity":14}}}
,"/Users/danny.mckinney/Development/personal/acme-diminuto/src/utils/urlCode.ts": {"path":"/Users/danny.mckinney/Development/personal/acme-diminuto/src/utils/urlCode.ts","statementMap":{"0":{"start":{"line":3,"column":45},"end":{"line":3,"column":null}},"1":{"start":{"line":4,"column":32},"end":{"line":4,"column":null}},"2":{"start":{"line":7,"column":10},"end":{"line":7,"column":93}},"3":{"start":{"line":8,"column":4},"end":{"line":8,"column":null}},"4":{"start":{"line":15,"column":4},"end":{"line":15,"column":null}},"5":{"start":{"line":15,"column":50},"end":{"line":15,"column":74}},"6":{"start":{"line":22,"column":4},"end":{"line":25,"column":null}},"7":{"start":{"line":22,"column":23},"end":{"line":22,"column":26}},"8":{"start":{"line":23,"column":26},"end":{"line":23,"column":36}},"9":{"start":{"line":24,"column":8},"end":{"line":25,"column":null}},"10":{"start":{"line":25,"column":12},"end":{"line":25,"column":null}},"11":{"start":{"line":29,"column":4},"end":{"line":29,"column":null}}},"fnMap":{"0":{"name":"getExcludedUrlCodeCharacters","decl":{"start":{"line":6,"column":16},"end":{"line":6,"column":45}},"loc":{"start":{"line":6,"column":103},"end":{"line":8,"column":null}},"line":6},"1":{"name":"hasExcludedUrlCodeCharacters","decl":{"start":{"line":11,"column":16},"end":{"line":11,"column":null}},"loc":{"start":{"line":14,"column":11},"end":{"line":15,"column":null}},"line":14},"2":{"name":"(anonymous_2)","decl":{"start":{"line":15,"column":30},"end":{"line":15,"column":36}},"loc":{"start":{"line":15,"column":50},"end":{"line":15,"column":74}},"line":15},"3":{"name":"generateUrlCode","decl":{"start":{"line":18,"column":16},"end":{"line":18,"column":null}},"loc":{"start":{"line":21,"column":10},"end":{"line":29,"column":null}},"line":21}},"branchMap":{"0":{"loc":{"start":{"line":6,"column":45},"end":{"line":6,"column":103}},"type":"default-arg","locations":[{"start":{"line":6,"column":56},"end":{"line":6,"column":103}}],"line":6},"1":{"loc":{"start":{"line":7,"column":24},"end":{"line":7,"column":74}},"type":"binary-expr","locations":[{"start":{"line":7,"column":24},"end":{"line":7,"column":36}},{"start":{"line":7,"column":36},"end":{"line":7,"column":74}}],"line":7},"2":{"loc":{"start":{"line":13,"column":4},"end":{"line":13,"column":55}},"type":"default-arg","locations":[{"start":{"line":13,"column":25},"end":{"line":13,"column":55}}],"line":13},"3":{"loc":{"start":{"line":19,"column":4},"end":{"line":19,"column":null}},"type":"default-arg","locations":[{"start":{"line":19,"column":29},"end":{"line":19,"column":null}}],"line":19},"4":{"loc":{"start":{"line":20,"column":4},"end":{"line":20,"column":55}},"type":"default-arg","locations":[{"start":{"line":20,"column":25},"end":{"line":20,"column":55}}],"line":20},"5":{"loc":{"start":{"line":24,"column":8},"end":{"line":25,"column":null}},"type":"if","locations":[{"start":{"line":24,"column":8},"end":{"line":25,"column":null}},{"start":{},"end":{}}],"line":24}},"s":{"0":2,"1":2,"2":6,"3":6,"4":59,"5":66,"6":6,"7":6,"8":56,"9":56,"10":4,"11":2},"f":{"0":6,"1":59,"2":66,"3":6},"b":{"0":[6],"1":[6,1],"2":[59],"3":[6],"4":[6],"5":[4,52]},"meta":{"lastBranch":6,"lastFunction":4,"lastStatement":12,"seen":{"s:3:45:3:Infinity":0,"s:4:32:4:Infinity":1,"f:6:16:6:45":0,"b:6:56:6:103":0,"s:7:10:7:93":2,"b:7:24:7:36:7:36:7:74":1,"s:8:4:8:Infinity":3,"f:11:16:11:Infinity":1,"b:13:25:13:55":2,"s:15:4:15:Infinity":4,"f:15:30:15:36":2,"s:15:50:15:74":5,"f:18:16:18:Infinity":3,"b:19:29:19:Infinity":3,"b:20:25:20:55":4,"s:22:4:25:Infinity":6,"s:22:23:22:26":7,"s:23:26:23:36":8,"b:24:8:25:Infinity:undefined:undefined:undefined:undefined":5,"s:24:8:25:Infinity":9,"s:25:12:25:Infinity":10,"s:29:4:29:Infinity":11}}}
,"/Users/danny.mckinney/Development/personal/acme-diminuto/src/utils/urlValidation.ts": {"path":"/Users/danny.mckinney/Development/personal/acme-diminuto/src/utils/urlValidation.ts","statementMap":{"0":{"start":{"line":3,"column":27},"end":{"line":3,"column":null}},"1":{"start":{"line":6,"column":18},"end":{"line":6,"column":61}},"2":{"start":{"line":6,"column":48},"end":{"line":6,"column":60}},"3":{"start":{"line":7,"column":4},"end":{"line":8,"column":null}},"4":{"start":{"line":7,"column":48},"end":{"line":7,"column":84}},"5":{"start":{"line":8,"column":8},"end":{"line":8,"column":null}},"6":{"start":{"line":11,"column":4},"end":{"line":11,"column":null}},"7":{"start":{"line":11,"column":25},"end":{"line":11,"column":null}},"8":{"start":{"line":12,"column":4},"end":{"line":12,"column":null}},"9":{"start":{"line":12,"column":26},"end":{"line":12,"column":null}},"10":{"start":{"line":13,"column":4},"end":{"line":13,"column":null}},"11":{"start":{"line":13,"column":46},"end":{"line":13,"column":null}},"12":{"start":{"line":14,"column":4},"end":{"line":14,"column":null}},"13":{"start":{"line":14,"column":62},"end":{"line":14,"column":null}},"14":{"start":{"line":15,"column":4},"end":{"line":15,"column":null}},"15":{"start":{"line":15,"column":46},"end":{"line":15,"column":null}},"16":{"start":{"line":16,"column":4},"end":{"line":16,"column":null}},"17":{"start":{"line":20,"column":23},"end":{"line":20,"column":48}},"18":{"start":{"line":21,"column":4},"end":{"line":21,"column":null}},"19":{"start":{"line":25,"column":4},"end":{"line":25,"column":null}},"20":{"start":{"line":29,"column":4},"end":{"line":30,"column":null}},"21":{"start":{"line":30,"column":8},"end":{"line":30,"column":null}},"22":{"start":{"line":33,"column":4},"end":{"line":34,"column":null}},"23":{"start":{"line":34,"column":8},"end":{"line":34,"column":null}},"24":{"start":{"line":37,"column":4},"end":{"line":45,"column":null}},"25":{"start":{"line":38,"column":23},"end":{"line":38,"column":35}},"26":{"start":{"line":39,"column":21},"end":{"line":39,"column":null}},"27":{"start":{"line":40,"column":8},"end":{"line":41,"column":null}},"28":{"start":{"line":41,"column":12},"end":{"line":41,"column":null}},"29":{"start":{"line":43,"column":8},"end":{"line":43,"column":null}},"30":{"start":{"line":45,"column":8},"end":{"line":45,"column":null}}},"fnMap":{"0":{"name":"isPrivateIpv4","decl":{"start":{"line":5,"column":9},"end":{"line":5,"column":23}},"loc":{"start":{"line":5,"column":46},"end":{"line":16,"column":null}},"line":5},"1":{"name":"(anonymous_1)","decl":{"start":{"line":6,"column":34},"end":{"line":6,"column":39}},"loc":{"start":{"line":6,"column":48},"end":{"line":6,"column":60}},"line":6},"2":{"name":"(anonymous_2)","decl":{"start":{"line":7,"column":36},"end":{"line":7,"column":42}},"loc":{"start":{"line":7,"column":48},"end":{"line":7,"column":84}},"line":7},"3":{"name":"isLocalHostname","decl":{"start":{"line":19,"column":9},"end":{"line":19,"column":25}},"loc":{"start":{"line":19,"column":48},"end":{"line":21,"column":null}},"line":19},"4":{"name":"isSafeShortCode","decl":{"start":{"line":24,"column":16},"end":{"line":24,"column":32}},"loc":{"start":{"line":24,"column":55},"end":{"line":25,"column":null}},"line":24},"5":{"name":"isSafeHttpUrl","decl":{"start":{"line":28,"column":16},"end":{"line":28,"column":30}},"loc":{"start":{"line":28,"column":52},"end":{"line":45,"column":null}},"line":28}},"branchMap":{"0":{"loc":{"start":{"line":7,"column":4},"end":{"line":8,"column":null}},"type":"if","locations":[{"start":{"line":7,"column":4},"end":{"line":8,"column":null}},{"start":{},"end":{}}],"line":7},"1":{"loc":{"start":{"line":7,"column":8},"end":{"line":7,"column":84}},"type":"binary-expr","locations":[{"start":{"line":7,"column":8},"end":{"line":7,"column":30}},{"start":{"line":7,"column":30},"end":{"line":7,"column":84}}],"line":7},"2":{"loc":{"start":{"line":7,"column":48},"end":{"line":7,"column":84}},"type":"binary-expr","locations":[{"start":{"line":7,"column":48},"end":{"line":7,"column":63}},{"start":{"line":7,"column":67},"end":{"line":7,"column":76}},{"start":{"line":7,"column":76},"end":{"line":7,"column":84}}],"line":7},"3":{"loc":{"start":{"line":11,"column":4},"end":{"line":11,"column":null}},"type":"if","locations":[{"start":{"line":11,"column":4},"end":{"line":11,"column":null}},{"start":{},"end":{}}],"line":11},"4":{"loc":{"start":{"line":12,"column":4},"end":{"line":12,"column":null}},"type":"if","locations":[{"start":{"line":12,"column":4},"end":{"line":12,"column":null}},{"start":{},"end":{}}],"line":12},"5":{"loc":{"start":{"line":13,"column":4},"end":{"line":13,"column":null}},"type":"if","locations":[{"start":{"line":13,"column":4},"end":{"line":13,"column":null}},{"start":{},"end":{}}],"line":13},"6":{"loc":{"start":{"line":13,"column":8},"end":{"line":13,"column":46}},"type":"binary-expr","locations":[{"start":{"line":13,"column":8},"end":{"line":13,"column":28}},{"start":{"line":13,"column":28},"end":{"line":13,"column":46}}],"line":13},"7":{"loc":{"start":{"line":14,"column":4},"end":{"line":14,"column":null}},"type":"if","locations":[{"start":{"line":14,"column":4},"end":{"line":14,"column":null}},{"start":{},"end":{}}],"line":14},"8":{"loc":{"start":{"line":14,"column":8},"end":{"line":14,"column":62}},"type":"binary-expr","locations":[{"start":{"line":14,"column":8},"end":{"line":14,"column":28}},{"start":{"line":14,"column":28},"end":{"line":14,"column":46}},{"start":{"line":14,"column":46},"end":{"line":14,"column":62}}],"line":14},"9":{"loc":{"start":{"line":15,"column":4},"end":{"line":15,"column":null}},"type":"if","locations":[{"start":{"line":15,"column":4},"end":{"line":15,"column":null}},{"start":{},"end":{}}],"line":15},"10":{"loc":{"start":{"line":15,"column":8},"end":{"line":15,"column":46}},"type":"binary-expr","locations":[{"start":{"line":15,"column":8},"end":{"line":15,"column":28}},{"start":{"line":15,"column":28},"end":{"line":15,"column":46}}],"line":15},"11":{"loc":{"start":{"line":21,"column":11},"end":{"line":21,"column":70}},"type":"binary-expr","locations":[{"start":{"line":21,"column":11},"end":{"line":21,"column":41}},{"start":{"line":21,"column":41},"end":{"line":21,"column":70}}],"line":21},"12":{"loc":{"start":{"line":29,"column":4},"end":{"line":30,"column":null}},"type":"if","locations":[{"start":{"line":29,"column":4},"end":{"line":30,"column":null}},{"start":{},"end":{}}],"line":29},"13":{"loc":{"start":{"line":29,"column":8},"end":{"line":29,"column":62}},"type":"binary-expr","locations":[{"start":{"line":29,"column":8},"end":{"line":29,"column":16}},{"start":{"line":29,"column":16},"end":{"line":29,"column":43}},{"start":{"line":29,"column":43},"end":{"line":29,"column":62}}],"line":29},"14":{"loc":{"start":{"line":33,"column":4},"end":{"line":34,"column":null}},"type":"if","locations":[{"start":{"line":33,"column":4},"end":{"line":34,"column":null}},{"start":{},"end":{}}],"line":33},"15":{"loc":{"start":{"line":40,"column":8},"end":{"line":41,"column":null}},"type":"if","locations":[{"start":{"line":40,"column":8},"end":{"line":41,"column":null}},{"start":{},"end":{}}],"line":40},"16":{"loc":{"start":{"line":40,"column":12},"end":{"line":40,"column":56}},"type":"binary-expr","locations":[{"start":{"line":40,"column":12},"end":{"line":40,"column":33}},{"start":{"line":40,"column":37},"end":{"line":40,"column":56}}],"line":40}},"s":{"0":3,"1":19,"2":57,"3":19,"4":28,"5":12,"6":7,"7":1,"8":6,"9":2,"10":4,"11":1,"12":3,"13":2,"14":1,"15":1,"16":0,"17":22,"18":22,"19":9,"20":26,"21":1,"22":25,"23":3,"24":22,"25":22,"26":22,"27":22,"28":10,"29":12,"30":0},"f":{"0":19,"1":57,"2":28,"3":22,"4":9,"5":26},"b":{"0":[12,7],"1":[19,7],"2":[28,28,28],"3":[1,6],"4":[2,4],"5":[1,3],"6":[4,1],"7":[2,1],"8":[3,2,2],"9":[1,0],"10":[1,1],"11":[22,20],"12":[1,25],"13":[26,26,26],"14":[3,22],"15":[10,12],"16":[22,19]},"meta":{"lastBranch":17,"lastFunction":6,"lastStatement":31,"seen":{"s:3:27:3:Infinity":0,"f:5:9:5:23":0,"s:6:18:6:61":1,"f:6:34:6:39":1,"s:6:48:6:60":2,"b:7:4:8:Infinity:undefined:undefined:undefined:undefined":0,"s:7:4:8:Infinity":3,"b:7:8:7:30:7:30:7:84":1,"f:7:36:7:42":2,"s:7:48:7:84":4,"b:7:48:7:63:7:67:7:76:7:76:7:84":2,"s:8:8:8:Infinity":5,"b:11:4:11:Infinity:undefined:undefined:undefined:undefined":3,"s:11:4:11:Infinity":6,"s:11:25:11:Infinity":7,"b:12:4:12:Infinity:undefined:undefined:undefined:undefined":4,"s:12:4:12:Infinity":8,"s:12:26:12:Infinity":9,"b:13:4:13:Infinity:undefined:undefined:undefined:undefined":5,"s:13:4:13:Infinity":10,"b:13:8:13:28:13:28:13:46":6,"s:13:46:13:Infinity":11,"b:14:4:14:Infinity:undefined:undefined:undefined:undefined":7,"s:14:4:14:Infinity":12,"b:14:8:14:28:14:28:14:46:14:46:14:62":8,"s:14:62:14:Infinity":13,"b:15:4:15:Infinity:undefined:undefined:undefined:undefined":9,"s:15:4:15:Infinity":14,"b:15:8:15:28:15:28:15:46":10,"s:15:46:15:Infinity":15,"s:16:4:16:Infinity":16,"f:19:9:19:25":3,"s:20:23:20:48":17,"s:21:4:21:Infinity":18,"b:21:11:21:41:21:41:21:70":11,"f:24:16:24:32":4,"s:25:4:25:Infinity":19,"f:28:16:28:30":5,"b:29:4:30:Infinity:undefined:undefined:undefined:undefined":12,"s:29:4:30:Infinity":20,"b:29:8:29:16:29:16:29:43:29:43:29:62":13,"s:30:8:30:Infinity":21,"b:33:4:34:Infinity:undefined:undefined:undefined:undefined":14,"s:33:4:34:Infinity":22,"s:34:8:34:Infinity":23,"s:37:4:45:Infinity":24,"s:38:23:38:35":25,"s:39:21:39:Infinity":26,"b:40:8:41:Infinity:undefined:undefined:undefined:undefined":15,"s:40:8:41:Infinity":27,"b:40:12:40:33:40:37:40:56":16,"s:41:12:41:Infinity":28,"s:43:8:43:Infinity":29,"s:45:8:45:Infinity":30}}}
}
