{"C:\\Users\\decod\\Documents\\Projects\\McDeCoderDude\\acme-diminuto\\src\\routes\\diminuto.ts": {"path":"C:\\Users\\decod\\Documents\\Projects\\McDeCoderDude\\acme-diminuto\\src\\routes\\diminuto.ts","all":false,"statementMap":{"0":{"start":{"line":1,"column":0},"end":{"line":1,"column":53}},"1":{"start":{"line":2,"column":0},"end":{"line":2,"column":30}},"2":{"start":{"line":3,"column":0},"end":{"line":3,"column":58}},"3":{"start":{"line":4,"column":0},"end":{"line":4,"column":43}},"4":{"start":{"line":5,"column":0},"end":{"line":5,"column":55}},"6":{"start":{"line":7,"column":0},"end":{"line":7,"column":32}},"8":{"start":{"line":9,"column":0},"end":{"line":9,"column":72}},"10":{"start":{"line":11,"column":0},"end":{"line":11,"column":27}},"11":{"start":{"line":12,"column":0},"end":{"line":12,"column":43}},"12":{"start":{"line":13,"column":0},"end":{"line":13,"column":59}},"13":{"start":{"line":14,"column":0},"end":{"line":14,"column":3}},"15":{"start":{"line":16,"column":0},"end":{"line":16,"column":77}},"16":{"start":{"line":17,"column":0},"end":{"line":17,"column":32}},"17":{"start":{"line":18,"column":0},"end":{"line":18,"column":32}},"19":{"start":{"line":20,"column":0},"end":{"line":20,"column":33}},"20":{"start":{"line":21,"column":0},"end":{"line":21,"column":36}},"21":{"start":{"line":22,"column":0},"end":{"line":22,"column":38}},"22":{"start":{"line":23,"column":0},"end":{"line":23,"column":10}},"23":{"start":{"line":24,"column":0},"end":{"line":24,"column":4}},"25":{"start":{"line":26,"column":0},"end":{"line":26,"column":33}},"26":{"start":{"line":27,"column":0},"end":{"line":27,"column":36}},"27":{"start":{"line":28,"column":0},"end":{"line":28,"column":38}},"28":{"start":{"line":29,"column":0},"end":{"line":29,"column":10}},"29":{"start":{"line":30,"column":0},"end":{"line":30,"column":4}},"31":{"start":{"line":32,"column":0},"end":{"line":32,"column":38}},"33":{"start":{"line":34,"column":0},"end":{"line":34,"column":8}},"34":{"start":{"line":35,"column":0},"end":{"line":35,"column":86}},"35":{"start":{"line":36,"column":0},"end":{"line":36,"column":22}},"36":{"start":{"line":37,"column":0},"end":{"line":37,"column":37}},"37":{"start":{"line":38,"column":0},"end":{"line":38,"column":8}},"39":{"start":{"line":40,"column":0},"end":{"line":40,"column":48}},"40":{"start":{"line":41,"column":0},"end":{"line":41,"column":54}},"41":{"start":{"line":42,"column":0},"end":{"line":42,"column":19}},"42":{"start":{"line":43,"column":0},"end":{"line":43,"column":20}},"43":{"start":{"line":44,"column":0},"end":{"line":44,"column":18}},"44":{"start":{"line":45,"column":0},"end":{"line":45,"column":10}},"45":{"start":{"line":46,"column":0},"end":{"line":46,"column":32}},"46":{"start":{"line":47,"column":0},"end":{"line":47,"column":17}},"47":{"start":{"line":48,"column":0},"end":{"line":48,"column":24}},"48":{"start":{"line":49,"column":0},"end":{"line":49,"column":36}},"49":{"start":{"line":50,"column":0},"end":{"line":50,"column":34}},"50":{"start":{"line":51,"column":0},"end":{"line":51,"column":10}},"51":{"start":{"line":52,"column":0},"end":{"line":52,"column":4}},"52":{"start":{"line":53,"column":0},"end":{"line":53,"column":3}}},"s":{"0":1,"1":1,"2":1,"3":1,"4":1,"6":1,"8":1,"10":1,"11":1,"12":1,"13":1,"15":1,"16":4,"17":4,"19":4,"20":0,"21":0,"22":0,"23":0,"25":4,"26":1,"27":1,"28":1,"29":1,"31":3,"33":3,"34":3,"35":4,"36":1,"37":1,"39":1,"40":1,"41":1,"42":1,"43":1,"44":1,"45":1,"46":1,"47":1,"48":1,"49":1,"50":1,"51":1,"52":4},"branchMap":{"0":{"type":"branch","line":9,"loc":{"start":{"line":9,"column":19},"end":{"line":9,"column":72}},"locations":[{"start":{"line":9,"column":19},"end":{"line":9,"column":72}}]},"1":{"type":"branch","line":9,"loc":{"start":{"line":9,"column":37},"end":{"line":9,"column":72}},"locations":[{"start":{"line":9,"column":37},"end":{"line":9,"column":72}}]},"2":{"type":"branch","line":16,"loc":{"start":{"line":16,"column":38},"end":{"line":53,"column":3}},"locations":[{"start":{"line":16,"column":38},"end":{"line":53,"column":3}}]},"3":{"type":"branch","line":20,"loc":{"start":{"line":20,"column":32},"end":{"line":24,"column":4}},"locations":[{"start":{"line":20,"column":32},"end":{"line":24,"column":4}}]},"4":{"type":"branch","line":26,"loc":{"start":{"line":26,"column":32},"end":{"line":30,"column":4}},"locations":[{"start":{"line":26,"column":32},"end":{"line":30,"column":4}}]},"5":{"type":"branch","line":30,"loc":{"start":{"line":30,"column":3},"end":{"line":35,"column":86}},"locations":[{"start":{"line":30,"column":3},"end":{"line":35,"column":86}}]},"6":{"type":"branch","line":35,"loc":{"start":{"line":35,"column":84},"end":{"line":36,"column":21}},"locations":[{"start":{"line":35,"column":84},"end":{"line":36,"column":21}}]},"7":{"type":"branch","line":36,"loc":{"start":{"line":36,"column":21},"end":{"line":52,"column":4}},"locations":[{"start":{"line":36,"column":21},"end":{"line":52,"column":4}}]}},"b":{"0":[4],"1":[0],"2":[4],"3":[0],"4":[1],"5":[3],"6":[2],"7":[1]},"fnMap":{"0":{"name":"getBaseUrl","decl":{"start":{"line":9,"column":19},"end":{"line":9,"column":72}},"loc":{"start":{"line":9,"column":19},"end":{"line":9,"column":72}},"line":9}},"f":{"0":4}}
,"C:\\Users\\decod\\Documents\\Projects\\McDeCoderDude\\acme-diminuto\\src\\routes\\redirect.ts": {"path":"C:\\Users\\decod\\Documents\\Projects\\McDeCoderDude\\acme-diminuto\\src\\routes\\redirect.ts","all":false,"statementMap":{"0":{"start":{"line":1,"column":0},"end":{"line":1,"column":51}},"1":{"start":{"line":2,"column":0},"end":{"line":2,"column":58}},"2":{"start":{"line":3,"column":0},"end":{"line":3,"column":43}},"3":{"start":{"line":4,"column":0},"end":{"line":4,"column":57}},"5":{"start":{"line":6,"column":0},"end":{"line":6,"column":32}},"7":{"start":{"line":8,"column":0},"end":{"line":8,"column":27}},"8":{"start":{"line":9,"column":0},"end":{"line":9,"column":43}},"9":{"start":{"line":10,"column":0},"end":{"line":10,"column":59}},"10":{"start":{"line":11,"column":0},"end":{"line":11,"column":3}},"12":{"start":{"line":13,"column":0},"end":{"line":13,"column":70}},"13":{"start":{"line":14,"column":0},"end":{"line":14,"column":87}},"15":{"start":{"line":16,"column":0},"end":{"line":16,"column":33}},"16":{"start":{"line":17,"column":0},"end":{"line":17,"column":58}},"17":{"start":{"line":18,"column":0},"end":{"line":18,"column":5}},"19":{"start":{"line":20,"column":0},"end":{"line":20,"column":9}},"20":{"start":{"line":21,"column":0},"end":{"line":21,"column":52}},"21":{"start":{"line":22,"column":0},"end":{"line":22,"column":25}},"22":{"start":{"line":23,"column":0},"end":{"line":23,"column":11}},"23":{"start":{"line":24,"column":0},"end":{"line":24,"column":17}},"24":{"start":{"line":25,"column":0},"end":{"line":25,"column":45}},"25":{"start":{"line":26,"column":0},"end":{"line":26,"column":16}},"26":{"start":{"line":27,"column":0},"end":{"line":27,"column":57}},"27":{"start":{"line":28,"column":0},"end":{"line":28,"column":9}},"28":{"start":{"line":29,"column":0},"end":{"line":29,"column":19}},"29":{"start":{"line":30,"column":0},"end":{"line":30,"column":26}},"30":{"start":{"line":31,"column":0},"end":{"line":31,"column":53}},"31":{"start":{"line":32,"column":0},"end":{"line":32,"column":5}},"32":{"start":{"line":33,"column":0},"end":{"line":33,"column":3}}},"s":{"0":1,"1":1,"2":1,"3":1,"5":1,"7":1,"8":1,"9":1,"10":1,"12":1,"13":4,"15":4,"16":1,"17":1,"19":3,"20":3,"21":3,"22":3,"23":4,"24":1,"25":1,"26":1,"27":1,"28":4,"29":1,"30":1,"31":1,"32":4},"branchMap":{"0":{"type":"branch","line":13,"loc":{"start":{"line":13,"column":30},"end":{"line":33,"column":3}},"locations":[{"start":{"line":13,"column":30},"end":{"line":33,"column":3}}]},"1":{"type":"branch","line":14,"loc":{"start":{"line":14,"column":46},"end":{"line":14,"column":71}},"locations":[{"start":{"line":14,"column":46},"end":{"line":14,"column":71}}]},"2":{"type":"branch","line":16,"loc":{"start":{"line":16,"column":32},"end":{"line":18,"column":5}},"locations":[{"start":{"line":16,"column":32},"end":{"line":18,"column":5}}]},"3":{"type":"branch","line":18,"loc":{"start":{"line":18,"column":4},"end":{"line":23,"column":11}},"locations":[{"start":{"line":18,"column":4},"end":{"line":23,"column":11}}]},"4":{"type":"branch","line":23,"loc":{"start":{"line":23,"column":9},"end":{"line":24,"column":16}},"locations":[{"start":{"line":23,"column":9},"end":{"line":24,"column":16}}]},"5":{"type":"branch","line":24,"loc":{"start":{"line":24,"column":16},"end":{"line":28,"column":9}},"locations":[{"start":{"line":24,"column":16},"end":{"line":28,"column":9}}]},"6":{"type":"branch","line":29,"loc":{"start":{"line":29,"column":4},"end":{"line":32,"column":5}},"locations":[{"start":{"line":29,"column":4},"end":{"line":32,"column":5}}]}},"b":{"0":[4],"1":[0],"2":[1],"3":[3],"4":[2],"5":[1],"6":[1]},"fnMap":{},"f":{}}
,"C:\\Users\\decod\\Documents\\Projects\\McDeCoderDude\\acme-diminuto\\src\\utils\\urlValidation.ts": {"path":"C:\\Users\\decod\\Documents\\Projects\\McDeCoderDude\\acme-diminuto\\src\\utils\\urlValidation.ts","all":false,"statementMap":{"0":{"start":{"line":1,"column":0},"end":{"line":1,"column":33}},"2":{"start":{"line":3,"column":0},"end":{"line":3,"column":51}},"4":{"start":{"line":5,"column":0},"end":{"line":5,"column":47}},"5":{"start":{"line":6,"column":0},"end":{"line":6,"column":62}},"6":{"start":{"line":7,"column":0},"end":{"line":7,"column":87}},"7":{"start":{"line":8,"column":0},"end":{"line":8,"column":21}},"8":{"start":{"line":9,"column":0},"end":{"line":9,"column":5}},"10":{"start":{"line":11,"column":0},"end":{"line":11,"column":37}},"11":{"start":{"line":12,"column":0},"end":{"line":12,"column":38}},"12":{"start":{"line":13,"column":0},"end":{"line":13,"column":58}},"13":{"start":{"line":14,"column":0},"end":{"line":14,"column":74}},"14":{"start":{"line":15,"column":0},"end":{"line":15,"column":58}},"15":{"start":{"line":16,"column":0},"end":{"line":16,"column":17}},"16":{"start":{"line":17,"column":0},"end":{"line":17,"column":1}},"18":{"start":{"line":19,"column":0},"end":{"line":19,"column":49}},"19":{"start":{"line":20,"column":0},"end":{"line":20,"column":49}},"20":{"start":{"line":21,"column":0},"end":{"line":21,"column":71}},"21":{"start":{"line":22,"column":0},"end":{"line":22,"column":1}},"23":{"start":{"line":24,"column":0},"end":{"line":24,"column":56}},"24":{"start":{"line":25,"column":0},"end":{"line":25,"column":41}},"25":{"start":{"line":26,"column":0},"end":{"line":26,"column":1}},"27":{"start":{"line":28,"column":0},"end":{"line":28,"column":53}},"28":{"start":{"line":29,"column":0},"end":{"line":29,"column":63}},"29":{"start":{"line":30,"column":0},"end":{"line":30,"column":21}},"30":{"start":{"line":31,"column":0},"end":{"line":31,"column":5}},"32":{"start":{"line":33,"column":0},"end":{"line":33,"column":34}},"33":{"start":{"line":34,"column":0},"end":{"line":34,"column":21}},"34":{"start":{"line":35,"column":0},"end":{"line":35,"column":5}},"36":{"start":{"line":37,"column":0},"end":{"line":37,"column":9}},"37":{"start":{"line":38,"column":0},"end":{"line":38,"column":36}},"38":{"start":{"line":39,"column":0},"end":{"line":39,"column":37}},"39":{"start":{"line":40,"column":0},"end":{"line":40,"column":59}},"40":{"start":{"line":41,"column":0},"end":{"line":41,"column":25}},"41":{"start":{"line":42,"column":0},"end":{"line":42,"column":9}},"42":{"start":{"line":43,"column":0},"end":{"line":43,"column":20}},"43":{"start":{"line":44,"column":0},"end":{"line":44,"column":13}},"44":{"start":{"line":45,"column":0},"end":{"line":45,"column":21}},"45":{"start":{"line":46,"column":0},"end":{"line":46,"column":5}},"46":{"start":{"line":47,"column":0},"end":{"line":47,"column":1}}},"s":{"0":1,"2":1,"4":15,"5":15,"6":15,"7":9,"8":9,"10":8,"11":8,"12":15,"13":15,"14":15,"15":0,"16":0,"18":17,"19":17,"20":17,"21":17,"23":1,"24":7,"25":7,"27":1,"28":21,"29":1,"30":1,"32":21,"33":3,"34":3,"36":17,"37":17,"38":17,"39":21,"40":8,"41":8,"42":9,"43":21,"44":0,"45":0,"46":21},"branchMap":{"0":{"type":"branch","line":5,"loc":{"start":{"line":5,"column":0},"end":{"line":17,"column":1}},"locations":[{"start":{"line":5,"column":0},"end":{"line":17,"column":1}}]},"1":{"type":"branch","line":7,"loc":{"start":{"line":7,"column":25},"end":{"line":7,"column":86}},"locations":[{"start":{"line":7,"column":25},"end":{"line":7,"column":86}}]},"2":{"type":"branch","line":7,"loc":{"start":{"line":7,"column":86},"end":{"line":9,"column":5}},"locations":[{"start":{"line":7,"column":86},"end":{"line":9,"column":5}}]},"3":{"type":"branch","line":9,"loc":{"start":{"line":9,"column":4},"end":{"line":13,"column":46}},"locations":[{"start":{"line":9,"column":4},"end":{"line":13,"column":46}}]},"4":{"type":"branch","line":9,"loc":{"start":{"line":9,"column":4},"end":{"line":11,"column":32}},"locations":[{"start":{"line":9,"column":4},"end":{"line":11,"column":32}}]},"5":{"type":"branch","line":11,"loc":{"start":{"line":11,"column":25},"end":{"line":11,"column":37}},"locations":[{"start":{"line":11,"column":25},"end":{"line":11,"column":37}}]},"6":{"type":"branch","line":11,"loc":{"start":{"line":11,"column":32},"end":{"line":12,"column":33}},"locations":[{"start":{"line":11,"column":32},"end":{"line":12,"column":33}}]},"7":{"type":"branch","line":12,"loc":{"start":{"line":12,"column":26},"end":{"line":12,"column":38}},"locations":[{"start":{"line":12,"column":26},"end":{"line":12,"column":38}}]},"8":{"type":"branch","line":12,"loc":{"start":{"line":12,"column":33},"end":{"line":13,"column":28}},"locations":[{"start":{"line":12,"column":33},"end":{"line":13,"column":28}}]},"9":{"type":"branch","line":13,"loc":{"start":{"line":13,"column":21},"end":{"line":13,"column":46}},"locations":[{"start":{"line":13,"column":21},"end":{"line":13,"column":46}}]},"10":{"type":"branch","line":13,"loc":{"start":{"line":13,"column":46},"end":{"line":14,"column":46}},"locations":[{"start":{"line":13,"column":46},"end":{"line":14,"column":46}}]},"11":{"type":"branch","line":13,"loc":{"start":{"line":13,"column":46},"end":{"line":13,"column":58}},"locations":[{"start":{"line":13,"column":46},"end":{"line":13,"column":58}}]},"12":{"type":"branch","line":13,"loc":{"start":{"line":13,"column":53},"end":{"line":14,"column":28}},"locations":[{"start":{"line":13,"column":53},"end":{"line":14,"column":28}}]},"13":{"type":"branch","line":14,"loc":{"start":{"line":14,"column":21},"end":{"line":14,"column":46}},"locations":[{"start":{"line":14,"column":21},"end":{"line":14,"column":46}}]},"14":{"type":"branch","line":14,"loc":{"start":{"line":14,"column":40},"end":{"line":14,"column":62}},"locations":[{"start":{"line":14,"column":40},"end":{"line":14,"column":62}}]},"15":{"type":"branch","line":14,"loc":{"start":{"line":14,"column":62},"end":{"line":15,"column":46}},"locations":[{"start":{"line":14,"column":62},"end":{"line":15,"column":46}}]},"16":{"type":"branch","line":14,"loc":{"start":{"line":14,"column":62},"end":{"line":14,"column":74}},"locations":[{"start":{"line":14,"column":62},"end":{"line":14,"column":74}}]},"17":{"type":"branch","line":14,"loc":{"start":{"line":14,"column":69},"end":{"line":15,"column":46}},"locations":[{"start":{"line":14,"column":69},"end":{"line":15,"column":46}}]},"18":{"type":"branch","line":15,"loc":{"start":{"line":15,"column":46},"end":{"line":17,"column":1}},"locations":[{"start":{"line":15,"column":46},"end":{"line":17,"column":1}}]},"19":{"type":"branch","line":15,"loc":{"start":{"line":15,"column":46},"end":{"line":15,"column":58}},"locations":[{"start":{"line":15,"column":46},"end":{"line":15,"column":58}}]},"20":{"type":"branch","line":15,"loc":{"start":{"line":15,"column":53},"end":{"line":17,"column":1}},"locations":[{"start":{"line":15,"column":53},"end":{"line":17,"column":1}}]},"21":{"type":"branch","line":6,"loc":{"start":{"line":6,"column":38},"end":{"line":6,"column":60}},"locations":[{"start":{"line":6,"column":38},"end":{"line":6,"column":60}}]},"22":{"type":"branch","line":7,"loc":{"start":{"line":7,"column":41},"end":{"line":7,"column":83}},"locations":[{"start":{"line":7,"column":41},"end":{"line":7,"column":83}}]},"23":{"type":"branch","line":19,"loc":{"start":{"line":19,"column":0},"end":{"line":22,"column":1}},"locations":[{"start":{"line":19,"column":0},"end":{"line":22,"column":1}}]},"24":{"type":"branch","line":21,"loc":{"start":{"line":21,"column":26},"end":{"line":21,"column":71}},"locations":[{"start":{"line":21,"column":26},"end":{"line":21,"column":71}}]},"25":{"type":"branch","line":24,"loc":{"start":{"line":24,"column":7},"end":{"line":26,"column":1}},"locations":[{"start":{"line":24,"column":7},"end":{"line":26,"column":1}}]},"26":{"type":"branch","line":28,"loc":{"start":{"line":28,"column":7},"end":{"line":47,"column":1}},"locations":[{"start":{"line":28,"column":7},"end":{"line":47,"column":1}}]},"27":{"type":"branch","line":29,"loc":{"start":{"line":29,"column":62},"end":{"line":31,"column":5}},"locations":[{"start":{"line":29,"column":62},"end":{"line":31,"column":5}}]},"28":{"type":"branch","line":31,"loc":{"start":{"line":31,"column":4},"end":{"line":33,"column":33}},"locations":[{"start":{"line":31,"column":4},"end":{"line":33,"column":33}}]},"29":{"type":"branch","line":33,"loc":{"start":{"line":33,"column":33},"end":{"line":35,"column":5}},"locations":[{"start":{"line":33,"column":33},"end":{"line":35,"column":5}}]},"30":{"type":"branch","line":35,"loc":{"start":{"line":35,"column":4},"end":{"line":40,"column":58}},"locations":[{"start":{"line":35,"column":4},"end":{"line":40,"column":58}}]},"31":{"type":"branch","line":35,"loc":{"start":{"line":35,"column":4},"end":{"line":40,"column":37}},"locations":[{"start":{"line":35,"column":4},"end":{"line":40,"column":37}}]},"32":{"type":"branch","line":40,"loc":{"start":{"line":40,"column":32},"end":{"line":40,"column":58}},"locations":[{"start":{"line":40,"column":32},"end":{"line":40,"column":58}}]},"33":{"type":"branch","line":40,"loc":{"start":{"line":40,"column":58},"end":{"line":42,"column":9}},"locations":[{"start":{"line":40,"column":58},"end":{"line":42,"column":9}}]},"34":{"type":"branch","line":42,"loc":{"start":{"line":42,"column":8},"end":{"line":44,"column":12}},"locations":[{"start":{"line":42,"column":8},"end":{"line":44,"column":12}}]},"35":{"type":"branch","line":44,"loc":{"start":{"line":44,"column":4},"end":{"line":46,"column":5}},"locations":[{"start":{"line":44,"column":4},"end":{"line":46,"column":5}}]}},"b":{"0":[15],"1":[6],"2":[9],"3":[8],"4":[6],"5":[1],"6":[5],"7":[1],"8":[4],"9":[1],"10":[8],"11":[1],"12":[3],"13":[2],"14":[2],"15":[8],"16":[2],"17":[1],"18":[8],"19":[1],"20":[0],"21":[46],"22":[24],"23":[17],"24":[16],"25":[7],"26":[21],"27":[1],"28":[20],"29":[3],"30":[20],"31":[17],"32":[15],"33":[8],"34":[9],"35":[0]},"fnMap":{"0":{"name":"isPrivateIpv4","decl":{"start":{"line":5,"column":0},"end":{"line":17,"column":1}},"loc":{"start":{"line":5,"column":0},"end":{"line":17,"column":1}},"line":5},"1":{"name":"isLocalHostname","decl":{"start":{"line":19,"column":0},"end":{"line":22,"column":1}},"loc":{"start":{"line":19,"column":0},"end":{"line":22,"column":1}},"line":19},"2":{"name":"isSafeShortCode","decl":{"start":{"line":24,"column":7},"end":{"line":26,"column":1}},"loc":{"start":{"line":24,"column":7},"end":{"line":26,"column":1}},"line":24},"3":{"name":"isSafeHttpUrl","decl":{"start":{"line":28,"column":7},"end":{"line":47,"column":1}},"loc":{"start":{"line":28,"column":7},"end":{"line":47,"column":1}},"line":28}},"f":{"0":15,"1":17,"2":7,"3":21}}
}
